<?xml version="1.0" encoding="UTF-8"?>
<testng-results skipped="0" failed="0" ignored="0" total="1" passed="1">
  <reporter-output>
  </reporter-output>
  <suite name="Default suite" duration-ms="15066" started-at="2020-10-21T22:09:19 EDT" finished-at="2020-10-21T22:09:34 EDT">
    <groups>
    </groups>
    <test name="Default test" duration-ms="15066" started-at="2020-10-21T22:09:19 EDT" finished-at="2020-10-21T22:09:34 EDT">
      <class name="test.ProductsServicesTest">
        <test-method status="PASS" signature="userShouldBeAbleToAddAProductWithValidCredentials()[pri:0, instance:test.ProductsServicesTest@4bbfb90a]" name="userShouldBeAbleToAddAProductWithValidCredentials" duration-ms="14981" started-at="2020-10-21T22:09:19 EDT" finished-at="2020-10-21T22:09:34 EDT">
          <reporter-output>
          </reporter-output>
        </test-method> <!-- userShouldBeAbleToAddAProductWithValidCredentials -->
      </class> <!-- test.ProductsServicesTest -->
    </test> <!-- Default test -->
  </suite> <!-- Default suite -->
</testng-results>
